<?xml version="1.0" encoding="UTF-8"?>
<!-- Generated by org.testng.reporters.JUnitReportReporter -->
<testsuite hostname="MacBook-Pro.local" failures="0" tests="1" name="presentation.RegisterControllerTest" time="0.034" errors="0" timestamp="28 Nov 2020 19:58:05 GMT" skipped="0">
  <testcase classname="presentation.RegisterControllerTest" name="testConfirmPassword" time="0.034"/>
</testsuite> <!-- presentation.RegisterControllerTest -->
