<?xml version="1.0" encoding="UTF-8"?>
<!-- Generated by org.testng.reporters.JUnitReportReporter -->
<testsuite hostname="MacBook-Pro.local" failures="0" tests="1" name="presentation.RegisterControllerTest" time="3.429" errors="0" timestamp="03 Dec 2020 22:54:58 GMT" skipped="0">
  <testcase classname="presentation.RegisterControllerTest" name="testConfirmPasswordForTest" time="3.429"/>
</testsuite> <!-- presentation.RegisterControllerTest -->
