<?xml version="1.0" encoding="UTF-8"?>
<!-- Generated by org.testng.reporters.JUnitReportReporter -->
<testsuite hostname="MacBook-Pro.local" failures="0" tests="1" name="presentation.LoginControllerTest" time="0.036" errors="0" timestamp="02 Dec 2020 18:11:23 GMT" skipped="0">
  <testcase classname="presentation.LoginControllerTest" name="testTransferMessage" time="0.036"/>
</testsuite> <!-- presentation.LoginControllerTest -->
