<?xml version="1.0" encoding="UTF-8"?>
<!-- Generated by org.testng.reporters.JUnitReportReporter -->
<testsuite hostname="MacBook-Pro.local" failures="0" tests="1" name="presentation.RegisterControllerTest" time="2.730" errors="0" timestamp="03 Dec 2020 23:05:16 GMT" skipped="0">
  <testcase classname="presentation.RegisterControllerTest" name="testConfirmPasswordForTest" time="2.730"/>
</testsuite> <!-- presentation.RegisterControllerTest -->
